[2025-12-23T10:59:04.850+0000] {local_task_job_runner.py:123} INFO - ::group::Pre task execution logs
[2025-12-23T10:59:04.864+0000] {taskinstance.py:2631} INFO - Dependencies all met for dep_context=non-requeueable deps ti=<TaskInstance: click_house_work.select_version manual__2025-12-23T10:59:02.865500+00:00 [queued]>
[2025-12-23T10:59:04.922+0000] {taskinstance.py:2631} INFO - Dependencies all met for dep_context=requeueable deps ti=<TaskInstance: click_house_work.select_version manual__2025-12-23T10:59:02.865500+00:00 [queued]>
[2025-12-23T10:59:04.922+0000] {taskinstance.py:2884} INFO - Starting attempt 1 of 1
[2025-12-23T10:59:04.931+0000] {taskinstance.py:2907} INFO - Executing <Task(ClickHouseOperator): select_version> on 2025-12-23 10:59:02.865500+00:00
[2025-12-23T10:59:04.938+0000] {warnings.py:112} WARNING - /home/airflow/.local/lib/python3.12/site-packages/airflow/task/task_runner/standard_task_runner.py:70: DeprecationWarning: This process (pid=63) is multi-threaded, use of fork() may lead to deadlocks in the child.
  pid = os.fork()

[2025-12-23T10:59:04.939+0000] {standard_task_runner.py:72} INFO - Started process 71 to run task
[2025-12-23T10:59:04.940+0000] {standard_task_runner.py:104} INFO - Running: ['airflow', 'tasks', 'run', 'click_house_work', 'select_version', 'manual__2025-12-23T10:59:02.865500+00:00', '--job-id', '8', '--raw', '--subdir', 'DAGS_FOLDER/dag_with_clickhouse.py', '--cfg-path', '/tmp/tmpmozhkh4p']
[2025-12-23T10:59:04.941+0000] {standard_task_runner.py:105} INFO - Job 8: Subtask select_version
[2025-12-23T10:59:05.031+0000] {task_command.py:467} INFO - Running <TaskInstance: click_house_work.select_version manual__2025-12-23T10:59:02.865500+00:00 [running]> on host 838506d0a24c
[2025-12-23T10:59:05.145+0000] {taskinstance.py:3157} INFO - Exporting env vars: AIRFLOW_CTX_DAG_OWNER='airflow' AIRFLOW_CTX_DAG_ID='click_house_work' AIRFLOW_CTX_TASK_ID='select_version' AIRFLOW_CTX_EXECUTION_DATE='2025-12-23T10:59:02.865500+00:00' AIRFLOW_CTX_TRY_NUMBER='1' AIRFLOW_CTX_DAG_RUN_ID='manual__2025-12-23T10:59:02.865500+00:00'
[2025-12-23T10:59:05.146+0000] {taskinstance.py:740} INFO - ::endgroup::
[2025-12-23T10:59:05.230+0000] {base.py:84} INFO - Retrieving connection 'click_house_work'
[2025-12-23T10:59:05.231+0000] {clickhouse.py:79} INFO - SELECT version()
[2025-12-23T10:59:05.334+0000] {taskinstance.py:349} INFO - ::group::Post task execution logs
[2025-12-23T10:59:05.335+0000] {taskinstance.py:361} INFO - Marking task as SUCCESS. dag_id=click_house_work, task_id=select_version, run_id=manual__2025-12-23T10:59:02.865500+00:00, execution_date=20251223T105902, start_date=20251223T105904, end_date=20251223T105905
[2025-12-23T10:59:05.399+0000] {local_task_job_runner.py:266} INFO - Task exited with return code 0
[2025-12-23T10:59:05.429+0000] {taskinstance.py:3924} INFO - 0 downstream tasks scheduled from follow-on schedule check
[2025-12-23T10:59:05.431+0000] {local_task_job_runner.py:245} INFO - ::endgroup::
