[2025-12-23T09:11:43.923+0000] {local_task_job_runner.py:123} INFO - ::group::Pre task execution logs
[2025-12-23T09:11:43.942+0000] {taskinstance.py:2631} INFO - Dependencies all met for dep_context=non-requeueable deps ti=<TaskInstance: click_house_work.select_version manual__2025-12-23T09:11:42.230154+00:00 [queued]>
[2025-12-23T09:11:43.948+0000] {taskinstance.py:2631} INFO - Dependencies all met for dep_context=requeueable deps ti=<TaskInstance: click_house_work.select_version manual__2025-12-23T09:11:42.230154+00:00 [queued]>
[2025-12-23T09:11:43.948+0000] {taskinstance.py:2884} INFO - Starting attempt 1 of 1
[2025-12-23T09:11:43.960+0000] {taskinstance.py:2907} INFO - Executing <Task(ClickHouseOperator): select_version> on 2025-12-23 09:11:42.230154+00:00
[2025-12-23T09:11:43.968+0000] {warnings.py:112} WARNING - /home/airflow/.local/lib/python3.12/site-packages/airflow/task/task_runner/standard_task_runner.py:70: DeprecationWarning: This process (pid=395) is multi-threaded, use of fork() may lead to deadlocks in the child.
  pid = os.fork()

[2025-12-23T09:11:43.969+0000] {standard_task_runner.py:72} INFO - Started process 396 to run task
[2025-12-23T09:11:43.971+0000] {standard_task_runner.py:104} INFO - Running: ['airflow', 'tasks', 'run', 'click_house_work', 'select_version', 'manual__2025-12-23T09:11:42.230154+00:00', '--job-id', '3', '--raw', '--subdir', 'DAGS_FOLDER/dag_with_clickhouse.py', '--cfg-path', '/tmp/tmps4t7w5w_']
[2025-12-23T09:11:43.972+0000] {standard_task_runner.py:105} INFO - Job 3: Subtask select_version
[2025-12-23T09:11:44.016+0000] {task_command.py:467} INFO - Running <TaskInstance: click_house_work.select_version manual__2025-12-23T09:11:42.230154+00:00 [running]> on host 99191eebe667
[2025-12-23T09:11:44.080+0000] {taskinstance.py:3157} INFO - Exporting env vars: AIRFLOW_CTX_DAG_OWNER='airflow' AIRFLOW_CTX_DAG_ID='click_house_work' AIRFLOW_CTX_TASK_ID='select_version' AIRFLOW_CTX_EXECUTION_DATE='2025-12-23T09:11:42.230154+00:00' AIRFLOW_CTX_TRY_NUMBER='1' AIRFLOW_CTX_DAG_RUN_ID='manual__2025-12-23T09:11:42.230154+00:00'
[2025-12-23T09:11:44.080+0000] {taskinstance.py:740} INFO - ::endgroup::
[2025-12-23T09:11:44.116+0000] {base.py:84} INFO - Retrieving connection 'click_house_work'
[2025-12-23T09:11:44.116+0000] {clickhouse.py:79} INFO - SELECT version()
[2025-12-23T09:11:44.177+0000] {taskinstance.py:349} INFO - ::group::Post task execution logs
[2025-12-23T09:11:44.177+0000] {taskinstance.py:361} INFO - Marking task as SUCCESS. dag_id=click_house_work, task_id=select_version, run_id=manual__2025-12-23T09:11:42.230154+00:00, execution_date=20251223T091142, start_date=20251223T091143, end_date=20251223T091144
[2025-12-23T09:11:44.224+0000] {local_task_job_runner.py:266} INFO - Task exited with return code 0
[2025-12-23T09:11:44.240+0000] {taskinstance.py:3924} INFO - 0 downstream tasks scheduled from follow-on schedule check
[2025-12-23T09:11:44.241+0000] {local_task_job_runner.py:245} INFO - ::endgroup::
