[2025-12-23T08:44:15.517+0000] {manager.py:483} INFO - Processing files using up to 2 processes at a time 
[2025-12-23T08:44:15.517+0000] {manager.py:484} INFO - Process each file at most once every 30 seconds
[2025-12-23T08:44:15.518+0000] {manager.py:485} INFO - Checking for new files in /opt/airflow/dags every 300 seconds
[2025-12-23T08:44:15.518+0000] {manager.py:821} INFO - Searching for files in /opt/airflow/dags
[2025-12-23T08:44:15.518+0000] {manager.py:824} INFO - There are 0 files in /opt/airflow/dags
[2025-12-23T08:49:15.696+0000] {manager.py:821} INFO - Searching for files in /opt/airflow/dags
[2025-12-23T08:49:15.698+0000] {manager.py:824} INFO - There are 0 files in /opt/airflow/dags
[2025-12-23T08:54:15.830+0000] {manager.py:821} INFO - Searching for files in /opt/airflow/dags
[2025-12-23T08:54:15.830+0000] {manager.py:824} INFO - There are 0 files in /opt/airflow/dags
[2025-12-23T08:59:16.090+0000] {manager.py:821} INFO - Searching for files in /opt/airflow/dags
[2025-12-23T08:59:16.091+0000] {manager.py:824} INFO - There are 0 files in /opt/airflow/dags
[2025-12-23T09:04:16.180+0000] {manager.py:821} INFO - Searching for files in /opt/airflow/dags
[2025-12-23T09:04:16.181+0000] {manager.py:824} INFO - There are 0 files in /opt/airflow/dags
[2025-12-23T09:09:16.310+0000] {manager.py:821} INFO - Searching for files in /opt/airflow/dags
[2025-12-23T09:09:16.310+0000] {manager.py:824} INFO - There are 1 files in /opt/airflow/dags
[2025-12-23T09:09:21.345+0000] {manager.py:997} INFO - 
================================================================================
DAG File Processing Stats

File Path                                 PID    Runtime      # DAGs    # Errors  Last Runtime    Last Run               Last # of DB Queries
----------------------------------------  -----  ---------  --------  ----------  --------------  -------------------  ----------------------
/opt/airflow/dags/dag_with_clickhouse.py                           1           0  0.28s           2025-12-23T09:09:16                      43
================================================================================
[2025-12-23T09:09:51.717+0000] {manager.py:997} INFO - 
================================================================================
DAG File Processing Stats

File Path                                 PID    Runtime      # DAGs    # Errors  Last Runtime    Last Run               Last # of DB Queries
----------------------------------------  -----  ---------  --------  ----------  --------------  -------------------  ----------------------
/opt/airflow/dags/dag_with_clickhouse.py                           1           0  0.19s           2025-12-23T09:09:46                      10
================================================================================
[2025-12-23T09:10:21.997+0000] {manager.py:997} INFO - 
================================================================================
DAG File Processing Stats

File Path                                 PID    Runtime      # DAGs    # Errors  Last Runtime    Last Run               Last # of DB Queries
----------------------------------------  -----  ---------  --------  ----------  --------------  -------------------  ----------------------
/opt/airflow/dags/dag_with_clickhouse.py                           1           0  0.21s           2025-12-23T09:10:17                      10
================================================================================
[2025-12-23T09:10:52.299+0000] {manager.py:997} INFO - 
================================================================================
DAG File Processing Stats

File Path                                 PID    Runtime      # DAGs    # Errors  Last Runtime    Last Run               Last # of DB Queries
----------------------------------------  -----  ---------  --------  ----------  --------------  -------------------  ----------------------
/opt/airflow/dags/dag_with_clickhouse.py                           1           0  0.19s           2025-12-23T09:10:47                      10
================================================================================
[2025-12-23T09:11:22.573+0000] {manager.py:997} INFO - 
================================================================================
DAG File Processing Stats

File Path                                 PID    Runtime      # DAGs    # Errors  Last Runtime    Last Run               Last # of DB Queries
----------------------------------------  -----  ---------  --------  ----------  --------------  -------------------  ----------------------
/opt/airflow/dags/dag_with_clickhouse.py                           1           0  0.22s           2025-12-23T09:11:17                      10
================================================================================
[2025-12-23T09:11:52.903+0000] {manager.py:997} INFO - 
================================================================================
DAG File Processing Stats

File Path                                 PID    Runtime      # DAGs    # Errors  Last Runtime    Last Run               Last # of DB Queries
----------------------------------------  -----  ---------  --------  ----------  --------------  -------------------  ----------------------
/opt/airflow/dags/dag_with_clickhouse.py                           1           0  0.23s           2025-12-23T09:11:48                      10
================================================================================
[2025-12-23T09:12:23.251+0000] {manager.py:997} INFO - 
================================================================================
DAG File Processing Stats

File Path                                 PID    Runtime      # DAGs    # Errors  Last Runtime    Last Run               Last # of DB Queries
----------------------------------------  -----  ---------  --------  ----------  --------------  -------------------  ----------------------
/opt/airflow/dags/dag_with_clickhouse.py                           1           0  0.25s           2025-12-23T09:12:18                      10
================================================================================
[2025-12-23T09:12:53.576+0000] {manager.py:997} INFO - 
================================================================================
DAG File Processing Stats

File Path                                 PID    Runtime      # DAGs    # Errors  Last Runtime    Last Run               Last # of DB Queries
----------------------------------------  -----  ---------  --------  ----------  --------------  -------------------  ----------------------
/opt/airflow/dags/dag_with_clickhouse.py                           1           0  0.19s           2025-12-23T09:12:48                      10
================================================================================
[2025-12-23T09:13:23.854+0000] {manager.py:997} INFO - 
================================================================================
DAG File Processing Stats

File Path                                 PID    Runtime      # DAGs    # Errors  Last Runtime    Last Run               Last # of DB Queries
----------------------------------------  -----  ---------  --------  ----------  --------------  -------------------  ----------------------
/opt/airflow/dags/dag_with_clickhouse.py                           1           0  0.19s           2025-12-23T09:13:19                      10
================================================================================
[2025-12-23T09:13:54.124+0000] {manager.py:997} INFO - 
================================================================================
DAG File Processing Stats

File Path                                 PID    Runtime      # DAGs    # Errors  Last Runtime    Last Run               Last # of DB Queries
----------------------------------------  -----  ---------  --------  ----------  --------------  -------------------  ----------------------
/opt/airflow/dags/dag_with_clickhouse.py                           1           0  0.20s           2025-12-23T09:13:49                      10
================================================================================
[2025-12-23T09:14:16.389+0000] {manager.py:821} INFO - Searching for files in /opt/airflow/dags
[2025-12-23T09:14:16.390+0000] {manager.py:824} INFO - There are 1 files in /opt/airflow/dags
[2025-12-23T09:14:24.431+0000] {manager.py:997} INFO - 
================================================================================
DAG File Processing Stats

File Path                                 PID    Runtime      # DAGs    # Errors  Last Runtime    Last Run               Last # of DB Queries
----------------------------------------  -----  ---------  --------  ----------  --------------  -------------------  ----------------------
/opt/airflow/dags/dag_with_clickhouse.py                           1           0  0.19s           2025-12-23T09:14:19                      10
================================================================================
[2025-12-23T09:14:54.702+0000] {manager.py:997} INFO - 
================================================================================
DAG File Processing Stats

File Path                                 PID    Runtime      # DAGs    # Errors  Last Runtime    Last Run               Last # of DB Queries
----------------------------------------  -----  ---------  --------  ----------  --------------  -------------------  ----------------------
/opt/airflow/dags/dag_with_clickhouse.py                           1           0  0.19s           2025-12-23T09:14:49                      10
================================================================================
[2025-12-23T09:15:24.986+0000] {manager.py:997} INFO - 
================================================================================
DAG File Processing Stats

File Path                                 PID    Runtime      # DAGs    # Errors  Last Runtime    Last Run               Last # of DB Queries
----------------------------------------  -----  ---------  --------  ----------  --------------  -------------------  ----------------------
/opt/airflow/dags/dag_with_clickhouse.py                           1           0  0.19s           2025-12-23T09:15:20                      10
================================================================================
[2025-12-23T09:15:55.259+0000] {manager.py:997} INFO - 
================================================================================
DAG File Processing Stats

File Path                                 PID    Runtime      # DAGs    # Errors  Last Runtime    Last Run               Last # of DB Queries
----------------------------------------  -----  ---------  --------  ----------  --------------  -------------------  ----------------------
/opt/airflow/dags/dag_with_clickhouse.py                           1           0  0.19s           2025-12-23T09:15:50                      10
================================================================================
[2025-12-23T09:16:25.539+0000] {manager.py:997} INFO - 
================================================================================
DAG File Processing Stats

File Path                                 PID    Runtime      # DAGs    # Errors  Last Runtime    Last Run               Last # of DB Queries
----------------------------------------  -----  ---------  --------  ----------  --------------  -------------------  ----------------------
/opt/airflow/dags/dag_with_clickhouse.py                           1           0  0.20s           2025-12-23T09:16:20                      10
================================================================================
[2025-12-23T09:16:55.825+0000] {manager.py:997} INFO - 
================================================================================
DAG File Processing Stats

File Path                                 PID    Runtime      # DAGs    # Errors  Last Runtime    Last Run               Last # of DB Queries
----------------------------------------  -----  ---------  --------  ----------  --------------  -------------------  ----------------------
/opt/airflow/dags/dag_with_clickhouse.py                           1           0  0.20s           2025-12-23T09:16:50                      10
================================================================================
[2025-12-23T09:17:26.103+0000] {manager.py:997} INFO - 
================================================================================
DAG File Processing Stats

File Path                                 PID    Runtime      # DAGs    # Errors  Last Runtime    Last Run               Last # of DB Queries
----------------------------------------  -----  ---------  --------  ----------  --------------  -------------------  ----------------------
/opt/airflow/dags/dag_with_clickhouse.py                           1           0  0.19s           2025-12-23T09:17:21                      10
================================================================================
[2025-12-23T09:17:56.373+0000] {manager.py:997} INFO - 
================================================================================
DAG File Processing Stats

File Path                                 PID    Runtime      # DAGs    # Errors  Last Runtime    Last Run               Last # of DB Queries
----------------------------------------  -----  ---------  --------  ----------  --------------  -------------------  ----------------------
/opt/airflow/dags/dag_with_clickhouse.py                           1           0  0.21s           2025-12-23T09:17:51                      10
================================================================================
[2025-12-23T09:18:26.677+0000] {manager.py:997} INFO - 
================================================================================
DAG File Processing Stats

File Path                                 PID    Runtime      # DAGs    # Errors  Last Runtime    Last Run               Last # of DB Queries
----------------------------------------  -----  ---------  --------  ----------  --------------  -------------------  ----------------------
/opt/airflow/dags/dag_with_clickhouse.py                           1           0  0.19s           2025-12-23T09:18:21                      10
================================================================================
[2025-12-23T09:18:56.954+0000] {manager.py:997} INFO - 
================================================================================
DAG File Processing Stats

File Path                                 PID    Runtime      # DAGs    # Errors  Last Runtime    Last Run               Last # of DB Queries
----------------------------------------  -----  ---------  --------  ----------  --------------  -------------------  ----------------------
/opt/airflow/dags/dag_with_clickhouse.py                           1           0  0.19s           2025-12-23T09:18:52                      10
================================================================================
[2025-12-23T09:19:17.032+0000] {manager.py:821} INFO - Searching for files in /opt/airflow/dags
[2025-12-23T09:19:17.033+0000] {manager.py:824} INFO - There are 1 files in /opt/airflow/dags
[2025-12-23T09:19:27.237+0000] {manager.py:997} INFO - 
================================================================================
DAG File Processing Stats

File Path                                 PID    Runtime      # DAGs    # Errors  Last Runtime    Last Run               Last # of DB Queries
----------------------------------------  -----  ---------  --------  ----------  --------------  -------------------  ----------------------
/opt/airflow/dags/dag_with_clickhouse.py                           1           0  0.19s           2025-12-23T09:19:22                      10
================================================================================
[2025-12-23T09:19:57.514+0000] {manager.py:997} INFO - 
================================================================================
DAG File Processing Stats

File Path                                 PID    Runtime      # DAGs    # Errors  Last Runtime    Last Run               Last # of DB Queries
----------------------------------------  -----  ---------  --------  ----------  --------------  -------------------  ----------------------
/opt/airflow/dags/dag_with_clickhouse.py                           1           0  0.24s           2025-12-23T09:19:52                      10
================================================================================
[2025-12-23T09:20:27.852+0000] {manager.py:997} INFO - 
================================================================================
DAG File Processing Stats

File Path                                 PID    Runtime      # DAGs    # Errors  Last Runtime    Last Run               Last # of DB Queries
----------------------------------------  -----  ---------  --------  ----------  --------------  -------------------  ----------------------
/opt/airflow/dags/dag_with_clickhouse.py                           1           0  0.25s           2025-12-23T09:20:23                      10
================================================================================
[2025-12-23T09:20:58.188+0000] {manager.py:997} INFO - 
================================================================================
DAG File Processing Stats

File Path                                 PID    Runtime      # DAGs    # Errors  Last Runtime    Last Run               Last # of DB Queries
----------------------------------------  -----  ---------  --------  ----------  --------------  -------------------  ----------------------
/opt/airflow/dags/dag_with_clickhouse.py                           1           0  0.20s           2025-12-23T09:20:53                      10
================================================================================
[2025-12-23T09:21:28.473+0000] {manager.py:997} INFO - 
================================================================================
DAG File Processing Stats

File Path                                 PID    Runtime      # DAGs    # Errors  Last Runtime    Last Run               Last # of DB Queries
----------------------------------------  -----  ---------  --------  ----------  --------------  -------------------  ----------------------
/opt/airflow/dags/dag_with_clickhouse.py                           1           0  0.20s           2025-12-23T09:21:23                      10
================================================================================
[2025-12-23T09:21:58.755+0000] {manager.py:997} INFO - 
================================================================================
DAG File Processing Stats

File Path                                 PID    Runtime      # DAGs    # Errors  Last Runtime    Last Run               Last # of DB Queries
----------------------------------------  -----  ---------  --------  ----------  --------------  -------------------  ----------------------
/opt/airflow/dags/dag_with_clickhouse.py                           1           0  0.20s           2025-12-23T09:21:53                      10
================================================================================
[2025-12-23T09:22:29.038+0000] {manager.py:997} INFO - 
================================================================================
DAG File Processing Stats

File Path                                 PID    Runtime      # DAGs    # Errors  Last Runtime    Last Run               Last # of DB Queries
----------------------------------------  -----  ---------  --------  ----------  --------------  -------------------  ----------------------
/opt/airflow/dags/dag_with_clickhouse.py                           1           0  0.19s           2025-12-23T09:22:24                      10
================================================================================
[2025-12-23T09:22:59.316+0000] {manager.py:997} INFO - 
================================================================================
DAG File Processing Stats

File Path                                 PID    Runtime      # DAGs    # Errors  Last Runtime    Last Run               Last # of DB Queries
----------------------------------------  -----  ---------  --------  ----------  --------------  -------------------  ----------------------
/opt/airflow/dags/dag_with_clickhouse.py                           1           0  0.19s           2025-12-23T09:22:54                      10
================================================================================
[2025-12-23T09:23:29.593+0000] {manager.py:997} INFO - 
================================================================================
DAG File Processing Stats

File Path                                 PID    Runtime      # DAGs    # Errors  Last Runtime    Last Run               Last # of DB Queries
----------------------------------------  -----  ---------  --------  ----------  --------------  -------------------  ----------------------
/opt/airflow/dags/dag_with_clickhouse.py                           1           0  0.19s           2025-12-23T09:23:24                      10
================================================================================
[2025-12-23T09:23:59.870+0000] {manager.py:997} INFO - 
================================================================================
DAG File Processing Stats

File Path                                 PID    Runtime      # DAGs    # Errors  Last Runtime    Last Run               Last # of DB Queries
----------------------------------------  -----  ---------  --------  ----------  --------------  -------------------  ----------------------
/opt/airflow/dags/dag_with_clickhouse.py                           1           0  0.19s           2025-12-23T09:23:55                      10
================================================================================
[2025-12-23T09:24:17.101+0000] {manager.py:821} INFO - Searching for files in /opt/airflow/dags
[2025-12-23T09:24:17.102+0000] {manager.py:824} INFO - There are 1 files in /opt/airflow/dags
[2025-12-23T09:24:30.152+0000] {manager.py:997} INFO - 
================================================================================
DAG File Processing Stats

File Path                                 PID    Runtime      # DAGs    # Errors  Last Runtime    Last Run               Last # of DB Queries
----------------------------------------  -----  ---------  --------  ----------  --------------  -------------------  ----------------------
/opt/airflow/dags/dag_with_clickhouse.py                           1           0  0.19s           2025-12-23T09:24:25                      10
================================================================================
[2025-12-23T09:25:00.432+0000] {manager.py:997} INFO - 
================================================================================
DAG File Processing Stats

File Path                                 PID    Runtime      # DAGs    # Errors  Last Runtime    Last Run               Last # of DB Queries
----------------------------------------  -----  ---------  --------  ----------  --------------  -------------------  ----------------------
/opt/airflow/dags/dag_with_clickhouse.py                           1           0  0.20s           2025-12-23T09:24:55                      10
================================================================================
[2025-12-23T09:25:30.718+0000] {manager.py:997} INFO - 
================================================================================
DAG File Processing Stats

File Path                                 PID    Runtime      # DAGs    # Errors  Last Runtime    Last Run               Last # of DB Queries
----------------------------------------  -----  ---------  --------  ----------  --------------  -------------------  ----------------------
/opt/airflow/dags/dag_with_clickhouse.py                           1           0  0.20s           2025-12-23T09:25:25                      10
================================================================================
[2025-12-23T09:26:01.009+0000] {manager.py:997} INFO - 
================================================================================
DAG File Processing Stats

File Path                                 PID    Runtime      # DAGs    # Errors  Last Runtime    Last Run               Last # of DB Queries
----------------------------------------  -----  ---------  --------  ----------  --------------  -------------------  ----------------------
/opt/airflow/dags/dag_with_clickhouse.py                           1           0  0.19s           2025-12-23T09:25:56                      10
================================================================================
[2025-12-23T09:26:31.288+0000] {manager.py:997} INFO - 
================================================================================
DAG File Processing Stats

File Path                                 PID    Runtime      # DAGs    # Errors  Last Runtime    Last Run               Last # of DB Queries
----------------------------------------  -----  ---------  --------  ----------  --------------  -------------------  ----------------------
/opt/airflow/dags/dag_with_clickhouse.py                           1           0  0.19s           2025-12-23T09:26:26                      10
================================================================================
[2025-12-23T09:27:01.560+0000] {manager.py:997} INFO - 
================================================================================
DAG File Processing Stats

File Path                                 PID    Runtime      # DAGs    # Errors  Last Runtime    Last Run               Last # of DB Queries
----------------------------------------  -----  ---------  --------  ----------  --------------  -------------------  ----------------------
/opt/airflow/dags/dag_with_clickhouse.py                           1           0  0.20s           2025-12-23T09:26:56                      10
================================================================================
[2025-12-23T09:27:22.870+0000] {manager.py:465} INFO - Exiting gracefully upon receiving signal 15
[2025-12-23T10:54:26.598+0000] {manager.py:483} INFO - Processing files using up to 2 processes at a time 
[2025-12-23T10:54:26.599+0000] {manager.py:484} INFO - Process each file at most once every 30 seconds
[2025-12-23T10:54:26.599+0000] {manager.py:485} INFO - Checking for new files in /opt/airflow/dags every 300 seconds
[2025-12-23T10:54:26.599+0000] {manager.py:821} INFO - Searching for files in /opt/airflow/dags
[2025-12-23T10:54:26.604+0000] {manager.py:824} INFO - There are 1 files in /opt/airflow/dags
[2025-12-23T10:54:26.660+0000] {manager.py:997} INFO - 
================================================================================
DAG File Processing Stats

File Path                                   PID  Runtime      # DAGs    # Errors  Last Runtime    Last Run      Last # of DB Queries
----------------------------------------  -----  ---------  --------  ----------  --------------  ----------  ----------------------
/opt/airflow/dags/dag_with_clickhouse.py     48  0.02s             0           0                                                   0
================================================================================
[2025-12-23T10:54:56.795+0000] {manager.py:997} INFO - 
================================================================================
DAG File Processing Stats

File Path                                 PID    Runtime      # DAGs    # Errors  Last Runtime    Last Run               Last # of DB Queries
----------------------------------------  -----  ---------  --------  ----------  --------------  -------------------  ----------------------
/opt/airflow/dags/dag_with_clickhouse.py                           1           0  0.29s           2025-12-23T10:54:26                      10
================================================================================
[2025-12-23T10:55:27.135+0000] {manager.py:997} INFO - 
================================================================================
DAG File Processing Stats

File Path                                 PID    Runtime      # DAGs    # Errors  Last Runtime    Last Run               Last # of DB Queries
----------------------------------------  -----  ---------  --------  ----------  --------------  -------------------  ----------------------
/opt/airflow/dags/dag_with_clickhouse.py                           1           0  0.23s           2025-12-23T10:54:57                      10
================================================================================
[2025-12-23T10:55:57.452+0000] {manager.py:997} INFO - 
================================================================================
DAG File Processing Stats

File Path                                 PID    Runtime      # DAGs    # Errors  Last Runtime    Last Run               Last # of DB Queries
----------------------------------------  -----  ---------  --------  ----------  --------------  -------------------  ----------------------
/opt/airflow/dags/dag_with_clickhouse.py                           1           0  0.19s           2025-12-23T10:55:27                      10
================================================================================
[2025-12-23T10:56:27.724+0000] {manager.py:997} INFO - 
================================================================================
DAG File Processing Stats

File Path                                 PID    Runtime      # DAGs    # Errors  Last Runtime    Last Run               Last # of DB Queries
----------------------------------------  -----  ---------  --------  ----------  --------------  -------------------  ----------------------
/opt/airflow/dags/dag_with_clickhouse.py                           1           0  0.20s           2025-12-23T10:55:57                      10
================================================================================
[2025-12-23T10:56:39.992+0000] {manager.py:465} INFO - Exiting gracefully upon receiving signal 15
[2025-12-23T10:57:13.871+0000] {manager.py:483} INFO - Processing files using up to 2 processes at a time 
[2025-12-23T10:57:13.874+0000] {manager.py:484} INFO - Process each file at most once every 30 seconds
[2025-12-23T10:57:13.874+0000] {manager.py:485} INFO - Checking for new files in /opt/airflow/dags every 300 seconds
[2025-12-23T10:57:13.874+0000] {manager.py:821} INFO - Searching for files in /opt/airflow/dags
[2025-12-23T10:57:13.875+0000] {manager.py:824} INFO - There are 1 files in /opt/airflow/dags
[2025-12-23T10:57:13.922+0000] {manager.py:997} INFO - 
================================================================================
DAG File Processing Stats

File Path                                   PID  Runtime      # DAGs    # Errors  Last Runtime    Last Run      Last # of DB Queries
----------------------------------------  -----  ---------  --------  ----------  --------------  ----------  ----------------------
/opt/airflow/dags/dag_with_clickhouse.py     47  0.01s             0           0                                                   0
================================================================================
[2025-12-23T10:57:44.042+0000] {manager.py:997} INFO - 
================================================================================
DAG File Processing Stats

File Path                                 PID    Runtime      # DAGs    # Errors  Last Runtime    Last Run               Last # of DB Queries
----------------------------------------  -----  ---------  --------  ----------  --------------  -------------------  ----------------------
/opt/airflow/dags/dag_with_clickhouse.py                           1           0  0.30s           2025-12-23T10:57:14                      10
================================================================================
[2025-12-23T10:58:14.438+0000] {manager.py:997} INFO - 
================================================================================
DAG File Processing Stats

File Path                                 PID    Runtime      # DAGs    # Errors  Last Runtime    Last Run               Last # of DB Queries
----------------------------------------  -----  ---------  --------  ----------  --------------  -------------------  ----------------------
/opt/airflow/dags/dag_with_clickhouse.py                           1           0  0.19s           2025-12-23T10:57:44                      10
================================================================================
[2025-12-23T10:58:44.714+0000] {manager.py:997} INFO - 
================================================================================
DAG File Processing Stats

File Path                                 PID    Runtime      # DAGs    # Errors  Last Runtime    Last Run               Last # of DB Queries
----------------------------------------  -----  ---------  --------  ----------  --------------  -------------------  ----------------------
/opt/airflow/dags/dag_with_clickhouse.py                           1           0  0.19s           2025-12-23T10:58:14                      10
================================================================================
[2025-12-23T10:59:14.990+0000] {manager.py:997} INFO - 
================================================================================
DAG File Processing Stats

File Path                                 PID    Runtime      # DAGs    # Errors  Last Runtime    Last Run               Last # of DB Queries
----------------------------------------  -----  ---------  --------  ----------  --------------  -------------------  ----------------------
/opt/airflow/dags/dag_with_clickhouse.py                           1           0  0.20s           2025-12-23T10:58:45                      10
================================================================================
[2025-12-23T10:59:45.275+0000] {manager.py:997} INFO - 
================================================================================
DAG File Processing Stats

File Path                                 PID    Runtime      # DAGs    # Errors  Last Runtime    Last Run               Last # of DB Queries
----------------------------------------  -----  ---------  --------  ----------  --------------  -------------------  ----------------------
/opt/airflow/dags/dag_with_clickhouse.py                           1           0  0.19s           2025-12-23T10:59:15                      10
================================================================================
[2025-12-23T11:00:15.546+0000] {manager.py:997} INFO - 
================================================================================
DAG File Processing Stats

File Path                                 PID    Runtime      # DAGs    # Errors  Last Runtime    Last Run               Last # of DB Queries
----------------------------------------  -----  ---------  --------  ----------  --------------  -------------------  ----------------------
/opt/airflow/dags/dag_with_clickhouse.py                           1           0  0.33s           2025-12-23T10:59:45                      10
================================================================================
[2025-12-23T11:00:45.977+0000] {manager.py:997} INFO - 
================================================================================
DAG File Processing Stats

File Path                                 PID    Runtime      # DAGs    # Errors  Last Runtime    Last Run               Last # of DB Queries
----------------------------------------  -----  ---------  --------  ----------  --------------  -------------------  ----------------------
/opt/airflow/dags/dag_with_clickhouse.py                           1           0  0.33s           2025-12-23T11:00:16                      10
================================================================================
[2025-12-23T11:01:16.417+0000] {manager.py:997} INFO - 
================================================================================
DAG File Processing Stats

File Path                                 PID    Runtime      # DAGs    # Errors  Last Runtime    Last Run               Last # of DB Queries
----------------------------------------  -----  ---------  --------  ----------  --------------  -------------------  ----------------------
/opt/airflow/dags/dag_with_clickhouse.py                           1           0  0.41s           2025-12-23T11:00:46                      10
================================================================================
[2025-12-23T11:01:46.931+0000] {manager.py:997} INFO - 
================================================================================
DAG File Processing Stats

File Path                                 PID    Runtime      # DAGs    # Errors  Last Runtime    Last Run               Last # of DB Queries
----------------------------------------  -----  ---------  --------  ----------  --------------  -------------------  ----------------------
/opt/airflow/dags/dag_with_clickhouse.py                           1           0  0.37s           2025-12-23T11:01:17                      10
================================================================================
[2025-12-23T11:02:14.379+0000] {manager.py:821} INFO - Searching for files in /opt/airflow/dags
[2025-12-23T11:02:14.380+0000] {manager.py:824} INFO - There are 1 files in /opt/airflow/dags
[2025-12-23T11:02:17.399+0000] {manager.py:997} INFO - 
================================================================================
DAG File Processing Stats

File Path                                 PID    Runtime      # DAGs    # Errors  Last Runtime    Last Run               Last # of DB Queries
----------------------------------------  -----  ---------  --------  ----------  --------------  -------------------  ----------------------
/opt/airflow/dags/dag_with_clickhouse.py                           1           0  0.33s           2025-12-23T11:01:47                      10
================================================================================
[2025-12-23T11:02:47.947+0000] {manager.py:997} INFO - 
================================================================================
DAG File Processing Stats

File Path                                 PID    Runtime      # DAGs    # Errors  Last Runtime    Last Run               Last # of DB Queries
----------------------------------------  -----  ---------  --------  ----------  --------------  -------------------  ----------------------
/opt/airflow/dags/dag_with_clickhouse.py                           1           0  0.32s           2025-12-23T11:02:18                      10
================================================================================
[2025-12-23T11:03:18.254+0000] {manager.py:997} INFO - 
================================================================================
DAG File Processing Stats

File Path                                 PID    Runtime      # DAGs    # Errors  Last Runtime    Last Run               Last # of DB Queries
----------------------------------------  -----  ---------  --------  ----------  --------------  -------------------  ----------------------
/opt/airflow/dags/dag_with_clickhouse.py                           1           0  0.21s           2025-12-23T11:02:48                      10
================================================================================
[2025-12-23T11:03:48.546+0000] {manager.py:997} INFO - 
================================================================================
DAG File Processing Stats

File Path                                 PID    Runtime      # DAGs    # Errors  Last Runtime    Last Run               Last # of DB Queries
----------------------------------------  -----  ---------  --------  ----------  --------------  -------------------  ----------------------
/opt/airflow/dags/dag_with_clickhouse.py                           1           0  0.23s           2025-12-23T11:03:18                      10
================================================================================
[2025-12-23T11:04:18.861+0000] {manager.py:997} INFO - 
================================================================================
DAG File Processing Stats

File Path                                 PID    Runtime      # DAGs    # Errors  Last Runtime    Last Run               Last # of DB Queries
----------------------------------------  -----  ---------  --------  ----------  --------------  -------------------  ----------------------
/opt/airflow/dags/dag_with_clickhouse.py                           1           0  0.20s           2025-12-23T11:03:48                      10
================================================================================
[2025-12-23T11:04:49.145+0000] {manager.py:997} INFO - 
================================================================================
DAG File Processing Stats

File Path                                 PID    Runtime      # DAGs    # Errors  Last Runtime    Last Run               Last # of DB Queries
----------------------------------------  -----  ---------  --------  ----------  --------------  -------------------  ----------------------
/opt/airflow/dags/dag_with_clickhouse.py                           1           0  0.19s           2025-12-23T11:04:19                      10
================================================================================
[2025-12-23T11:05:19.423+0000] {manager.py:997} INFO - 
================================================================================
DAG File Processing Stats

File Path                                 PID    Runtime      # DAGs    # Errors  Last Runtime    Last Run               Last # of DB Queries
----------------------------------------  -----  ---------  --------  ----------  --------------  -------------------  ----------------------
/opt/airflow/dags/dag_with_clickhouse.py                           1           0  0.20s           2025-12-23T11:04:49                      10
================================================================================
[2025-12-23T11:05:49.709+0000] {manager.py:997} INFO - 
================================================================================
DAG File Processing Stats

File Path                                 PID    Runtime      # DAGs    # Errors  Last Runtime    Last Run               Last # of DB Queries
----------------------------------------  -----  ---------  --------  ----------  --------------  -------------------  ----------------------
/opt/airflow/dags/dag_with_clickhouse.py                           1           0  0.20s           2025-12-23T11:05:19                      10
================================================================================
[2025-12-23T11:06:19.992+0000] {manager.py:997} INFO - 
================================================================================
DAG File Processing Stats

File Path                                 PID    Runtime      # DAGs    # Errors  Last Runtime    Last Run               Last # of DB Queries
----------------------------------------  -----  ---------  --------  ----------  --------------  -------------------  ----------------------
/opt/airflow/dags/dag_with_clickhouse.py                           1           0  0.20s           2025-12-23T11:05:50                      10
================================================================================
[2025-12-23T11:06:50.269+0000] {manager.py:997} INFO - 
================================================================================
DAG File Processing Stats

File Path                                 PID    Runtime      # DAGs    # Errors  Last Runtime    Last Run               Last # of DB Queries
----------------------------------------  -----  ---------  --------  ----------  --------------  -------------------  ----------------------
/opt/airflow/dags/dag_with_clickhouse.py                           1           0  0.20s           2025-12-23T11:06:20                      10
================================================================================
[2025-12-23T11:07:14.533+0000] {manager.py:821} INFO - Searching for files in /opt/airflow/dags
[2025-12-23T11:07:14.534+0000] {manager.py:824} INFO - There are 1 files in /opt/airflow/dags
[2025-12-23T11:07:20.562+0000] {manager.py:997} INFO - 
================================================================================
DAG File Processing Stats

File Path                                 PID    Runtime      # DAGs    # Errors  Last Runtime    Last Run               Last # of DB Queries
----------------------------------------  -----  ---------  --------  ----------  --------------  -------------------  ----------------------
/opt/airflow/dags/dag_with_clickhouse.py                           1           0  0.19s           2025-12-23T11:06:50                      10
================================================================================
[2025-12-23T11:07:50.834+0000] {manager.py:997} INFO - 
================================================================================
DAG File Processing Stats

File Path                                 PID    Runtime      # DAGs    # Errors  Last Runtime    Last Run               Last # of DB Queries
----------------------------------------  -----  ---------  --------  ----------  --------------  -------------------  ----------------------
/opt/airflow/dags/dag_with_clickhouse.py                           1           0  0.20s           2025-12-23T11:07:20                      10
================================================================================
[2025-12-23T11:08:21.114+0000] {manager.py:997} INFO - 
================================================================================
DAG File Processing Stats

File Path                                 PID    Runtime      # DAGs    # Errors  Last Runtime    Last Run               Last # of DB Queries
----------------------------------------  -----  ---------  --------  ----------  --------------  -------------------  ----------------------
/opt/airflow/dags/dag_with_clickhouse.py                           1           0  0.20s           2025-12-23T11:07:51                      10
================================================================================
[2025-12-23T11:08:51.398+0000] {manager.py:997} INFO - 
================================================================================
DAG File Processing Stats

File Path                                 PID    Runtime      # DAGs    # Errors  Last Runtime    Last Run               Last # of DB Queries
----------------------------------------  -----  ---------  --------  ----------  --------------  -------------------  ----------------------
/opt/airflow/dags/dag_with_clickhouse.py                           1           0  0.20s           2025-12-23T11:08:21                      10
================================================================================
[2025-12-23T11:09:21.693+0000] {manager.py:997} INFO - 
================================================================================
DAG File Processing Stats

File Path                                 PID    Runtime      # DAGs    # Errors  Last Runtime    Last Run               Last # of DB Queries
----------------------------------------  -----  ---------  --------  ----------  --------------  -------------------  ----------------------
/opt/airflow/dags/dag_with_clickhouse.py                           1           0  0.20s           2025-12-23T11:08:51                      10
================================================================================
[2025-12-23T11:09:51.977+0000] {manager.py:997} INFO - 
================================================================================
DAG File Processing Stats

File Path                                 PID    Runtime      # DAGs    # Errors  Last Runtime    Last Run               Last # of DB Queries
----------------------------------------  -----  ---------  --------  ----------  --------------  -------------------  ----------------------
/opt/airflow/dags/dag_with_clickhouse.py                           1           0  0.20s           2025-12-23T11:09:22                      10
================================================================================
[2025-12-23T11:10:22.264+0000] {manager.py:997} INFO - 
================================================================================
DAG File Processing Stats

File Path                                 PID    Runtime      # DAGs    # Errors  Last Runtime    Last Run               Last # of DB Queries
----------------------------------------  -----  ---------  --------  ----------  --------------  -------------------  ----------------------
/opt/airflow/dags/dag_with_clickhouse.py                           1           0  0.20s           2025-12-23T11:09:52                      10
================================================================================
[2025-12-23T11:10:52.548+0000] {manager.py:997} INFO - 
================================================================================
DAG File Processing Stats

File Path                                 PID    Runtime      # DAGs    # Errors  Last Runtime    Last Run               Last # of DB Queries
----------------------------------------  -----  ---------  --------  ----------  --------------  -------------------  ----------------------
/opt/airflow/dags/dag_with_clickhouse.py                           1           0  0.20s           2025-12-23T11:10:22                      10
================================================================================
[2025-12-23T11:11:22.825+0000] {manager.py:997} INFO - 
================================================================================
DAG File Processing Stats

File Path                                 PID    Runtime      # DAGs    # Errors  Last Runtime    Last Run               Last # of DB Queries
----------------------------------------  -----  ---------  --------  ----------  --------------  -------------------  ----------------------
/opt/airflow/dags/dag_with_clickhouse.py                           1           0  0.21s           2025-12-23T11:10:52                      10
================================================================================
[2025-12-23T11:11:53.128+0000] {manager.py:997} INFO - 
================================================================================
DAG File Processing Stats

File Path                                 PID    Runtime      # DAGs    # Errors  Last Runtime    Last Run               Last # of DB Queries
----------------------------------------  -----  ---------  --------  ----------  --------------  -------------------  ----------------------
/opt/airflow/dags/dag_with_clickhouse.py                           1           0  0.20s           2025-12-23T11:11:23                      10
================================================================================
[2025-12-23T11:12:14.560+0000] {manager.py:821} INFO - Searching for files in /opt/airflow/dags
[2025-12-23T11:12:14.561+0000] {manager.py:824} INFO - There are 1 files in /opt/airflow/dags
[2025-12-23T11:12:23.405+0000] {manager.py:997} INFO - 
================================================================================
DAG File Processing Stats

File Path                                 PID    Runtime      # DAGs    # Errors  Last Runtime    Last Run               Last # of DB Queries
----------------------------------------  -----  ---------  --------  ----------  --------------  -------------------  ----------------------
/opt/airflow/dags/dag_with_clickhouse.py                           1           0  0.21s           2025-12-23T11:11:53                      10
================================================================================
[2025-12-23T11:12:53.707+0000] {manager.py:997} INFO - 
================================================================================
DAG File Processing Stats

File Path                                 PID    Runtime      # DAGs    # Errors  Last Runtime    Last Run               Last # of DB Queries
----------------------------------------  -----  ---------  --------  ----------  --------------  -------------------  ----------------------
/opt/airflow/dags/dag_with_clickhouse.py                           1           0  0.21s           2025-12-23T11:12:23                      10
================================================================================
[2025-12-23T11:13:24.018+0000] {manager.py:997} INFO - 
================================================================================
DAG File Processing Stats

File Path                                 PID    Runtime      # DAGs    # Errors  Last Runtime    Last Run               Last # of DB Queries
----------------------------------------  -----  ---------  --------  ----------  --------------  -------------------  ----------------------
/opt/airflow/dags/dag_with_clickhouse.py                           1           0  0.21s           2025-12-23T11:12:54                      10
================================================================================
[2025-12-23T11:13:44.018+0000] {manager.py:465} INFO - Exiting gracefully upon receiving signal 15
[2025-12-23T11:14:27.796+0000] {manager.py:483} INFO - Processing files using up to 2 processes at a time 
[2025-12-23T11:14:27.797+0000] {manager.py:484} INFO - Process each file at most once every 30 seconds
[2025-12-23T11:14:27.797+0000] {manager.py:485} INFO - Checking for new files in /opt/airflow/dags every 300 seconds
[2025-12-23T11:14:27.797+0000] {manager.py:821} INFO - Searching for files in /opt/airflow/dags
[2025-12-23T11:14:27.798+0000] {manager.py:824} INFO - There are 1 files in /opt/airflow/dags
[2025-12-23T11:14:27.855+0000] {manager.py:997} INFO - 
================================================================================
DAG File Processing Stats

File Path                                   PID  Runtime      # DAGs    # Errors  Last Runtime    Last Run      Last # of DB Queries
----------------------------------------  -----  ---------  --------  ----------  --------------  ----------  ----------------------
/opt/airflow/dags/dag_with_clickhouse.py     48  0.02s             0           0                                                   0
================================================================================
[2025-12-23T11:14:58.005+0000] {manager.py:997} INFO - 
================================================================================
DAG File Processing Stats

File Path                                 PID    Runtime      # DAGs    # Errors  Last Runtime    Last Run               Last # of DB Queries
----------------------------------------  -----  ---------  --------  ----------  --------------  -------------------  ----------------------
/opt/airflow/dags/dag_with_clickhouse.py                           1           0  0.28s           2025-12-23T11:14:28                      10
================================================================================
[2025-12-23T11:15:28.398+0000] {manager.py:997} INFO - 
================================================================================
DAG File Processing Stats

File Path                                 PID    Runtime      # DAGs    # Errors  Last Runtime    Last Run               Last # of DB Queries
----------------------------------------  -----  ---------  --------  ----------  --------------  -------------------  ----------------------
/opt/airflow/dags/dag_with_clickhouse.py                           1           0  0.24s           2025-12-23T11:14:58                      10
================================================================================
[2025-12-23T11:15:58.721+0000] {manager.py:997} INFO - 
================================================================================
DAG File Processing Stats

File Path                                 PID    Runtime      # DAGs    # Errors  Last Runtime    Last Run               Last # of DB Queries
----------------------------------------  -----  ---------  --------  ----------  --------------  -------------------  ----------------------
/opt/airflow/dags/dag_with_clickhouse.py                           1           0  0.20s           2025-12-23T11:15:28                      10
================================================================================
[2025-12-23T11:16:29.028+0000] {manager.py:997} INFO - 
================================================================================
DAG File Processing Stats

File Path                                 PID    Runtime      # DAGs    # Errors  Last Runtime    Last Run               Last # of DB Queries
----------------------------------------  -----  ---------  --------  ----------  --------------  -------------------  ----------------------
/opt/airflow/dags/dag_with_clickhouse.py                           1           0  0.20s           2025-12-23T11:15:59                      10
================================================================================
[2025-12-23T11:16:59.316+0000] {manager.py:997} INFO - 
================================================================================
DAG File Processing Stats

File Path                                 PID    Runtime      # DAGs    # Errors  Last Runtime    Last Run               Last # of DB Queries
----------------------------------------  -----  ---------  --------  ----------  --------------  -------------------  ----------------------
/opt/airflow/dags/dag_with_clickhouse.py                           1           0  0.20s           2025-12-23T11:16:29                      10
================================================================================
